[compute00.hpcnet:04605] pmix_mca_base_component_repository_open: unable to open mca_pnet_opa: libpsm2.so.2: cannot open shared object file: No such file or directory (ignored)
[compute00.hpcnet:04605] mca_base_component_repository_open: unable to open mca_oob_ud: libosmcomp.so.3: cannot open shared object file: No such file or directory (ignored)
[compute00.hpcnet:04618] pmix_mca_base_component_repository_open: unable to open mca_pnet_opa: libpsm2.so.2: cannot open shared object file: No such file or directory (ignored)
[compute00.hpcnet:04617] pmix_mca_base_component_repository_open: unable to open mca_pnet_opa: libpsm2.so.2: cannot open shared object file: No such file or directory (ignored)
[compute00.hpcnet:04616] pmix_mca_base_component_repository_open: unable to open mca_pnet_opa: libpsm2.so.2: cannot open shared object file: No such file or directory (ignored)
[compute01.hpcnet:04401] pmix_mca_base_component_repository_open: unable to open mca_pnet_opa: libpsm2.so.2: cannot open shared object file: No such file or directory (ignored)
[compute01.hpcnet:04399] pmix_mca_base_component_repository_open: unable to open mca_pnet_opa: libpsm2.so.2: cannot open shared object file: No such file or directory (ignored)
[compute01.hpcnet:04402] pmix_mca_base_component_repository_open: unable to open mca_pnet_opa: libpsm2.so.2: cannot open shared object file: No such file or directory (ignored)
[compute00.hpcnet:04619] pmix_mca_base_component_repository_open: unable to open mca_pnet_opa: libpsm2.so.2: cannot open shared object file: No such file or directory (ignored)
[compute01.hpcnet:04400] pmix_mca_base_component_repository_open: unable to open mca_pnet_opa: libpsm2.so.2: cannot open shared object file: No such file or directory (ignored)
[compute01.hpcnet:04402] mca_base_component_repository_open: unable to open mca_oob_ud: libosmcomp.so.3: cannot open shared object file: No such file or directory (ignored)
[compute00.hpcnet:04617] mca_base_component_repository_open: unable to open mca_oob_ud: libosmcomp.so.3: cannot open shared object file: No such file or directory (ignored)
[compute01.hpcnet:04401] mca_base_component_repository_open: unable to open mca_oob_ud: libosmcomp.so.3: cannot open shared object file: No such file or directory (ignored)
[compute00.hpcnet:04616] mca_base_component_repository_open: unable to open mca_oob_ud: libosmcomp.so.3: cannot open shared object file: No such file or directory (ignored)
[compute00.hpcnet:04618] mca_base_component_repository_open: unable to open mca_oob_ud: libosmcomp.so.3: cannot open shared object file: No such file or directory (ignored)
[compute01.hpcnet:04399] mca_base_component_repository_open: unable to open mca_oob_ud: libosmcomp.so.3: cannot open shared object file: No such file or directory (ignored)
[compute01.hpcnet:04402] mca_base_component_repository_open: unable to open mca_btl_openib: librdmacm.so.1: cannot open shared object file: No such file or directory (ignored)
[compute01.hpcnet:04401] mca_base_component_repository_open: unable to open mca_btl_openib: librdmacm.so.1: cannot open shared object file: No such file or directory (ignored)
[compute01.hpcnet:04399] mca_base_component_repository_open: unable to open mca_btl_openib: librdmacm.so.1: cannot open shared object file: No such file or directory (ignored)
[compute00.hpcnet:04616] mca_base_component_repository_open: unable to open mca_btl_openib: librdmacm.so.1: cannot open shared object file: No such file or directory (ignored)
[compute00.hpcnet:04617] mca_base_component_repository_open: unable to open mca_btl_openib: librdmacm.so.1: cannot open shared object file: No such file or directory (ignored)
[compute00.hpcnet:04618] mca_base_component_repository_open: unable to open mca_btl_openib: librdmacm.so.1: cannot open shared object file: No such file or directory (ignored)
[compute01.hpcnet:04400] mca_base_component_repository_open: unable to open mca_oob_ud: libosmcomp.so.3: cannot open shared object file: No such file or directory (ignored)
[compute00.hpcnet:04619] mca_base_component_repository_open: unable to open mca_oob_ud: libosmcomp.so.3: cannot open shared object file: No such file or directory (ignored)
[compute01.hpcnet:04400] mca_base_component_repository_open: unable to open mca_btl_openib: librdmacm.so.1: cannot open shared object file: No such file or directory (ignored)
[compute00.hpcnet:04619] mca_base_component_repository_open: unable to open mca_btl_openib: librdmacm.so.1: cannot open shared object file: No such file or directory (ignored)
[compute01.hpcnet:04401] mca_base_component_repository_open: unable to open mca_mtl_psm: libpsm_infinipath.so.1: cannot open shared object file: No such file or directory (ignored)
[compute01.hpcnet:04402] mca_base_component_repository_open: unable to open mca_mtl_psm: libpsm_infinipath.so.1: cannot open shared object file: No such file or directory (ignored)
[compute01.hpcnet:04399] mca_base_component_repository_open: unable to open mca_mtl_psm: libpsm_infinipath.so.1: cannot open shared object file: No such file or directory (ignored)
[compute00.hpcnet:04618] mca_base_component_repository_open: unable to open mca_mtl_psm: libpsm_infinipath.so.1: cannot open shared object file: No such file or directory (ignored)
[compute00.hpcnet:04617] mca_base_component_repository_open: unable to open mca_mtl_psm: libpsm_infinipath.so.1: cannot open shared object file: No such file or directory (ignored)
[compute00.hpcnet:04616] mca_base_component_repository_open: unable to open mca_mtl_psm: libpsm_infinipath.so.1: cannot open shared object file: No such file or directory (ignored)
[compute01.hpcnet:04402] mca_base_component_repository_open: unable to open mca_mtl_psm2: libpsm2.so.2: cannot open shared object file: No such file or directory (ignored)
[compute01.hpcnet:04399] mca_base_component_repository_open: unable to open mca_mtl_psm2: libpsm2.so.2: cannot open shared object file: No such file or directory (ignored)
[compute01.hpcnet:04401] mca_base_component_repository_open: unable to open mca_mtl_psm2: libpsm2.so.2: cannot open shared object file: No such file or directory (ignored)
[compute00.hpcnet:04617] mca_base_component_repository_open: unable to open mca_mtl_psm2: libpsm2.so.2: cannot open shared object file: No such file or directory (ignored)
[compute00.hpcnet:04618] mca_base_component_repository_open: unable to open mca_mtl_psm2: libpsm2.so.2: cannot open shared object file: No such file or directory (ignored)
[compute00.hpcnet:04616] mca_base_component_repository_open: unable to open mca_mtl_psm2: libpsm2.so.2: cannot open shared object file: No such file or directory (ignored)
[compute01.hpcnet:04400] mca_base_component_repository_open: unable to open mca_mtl_psm: libpsm_infinipath.so.1: cannot open shared object file: No such file or directory (ignored)
[compute01.hpcnet:04400] mca_base_component_repository_open: unable to open mca_mtl_psm2: libpsm2.so.2: cannot open shared object file: No such file or directory (ignored)
[compute00.hpcnet:04619] mca_base_component_repository_open: unable to open mca_mtl_psm: libpsm_infinipath.so.1: cannot open shared object file: No such file or directory (ignored)
[compute00.hpcnet:04619] mca_base_component_repository_open: unable to open mca_mtl_psm2: libpsm2.so.2: cannot open shared object file: No such file or directory (ignored)
[Implementation-MPI-Distributed] Clique's Size: 16 Maximal Clique: 30 42 50 57 66 71 75 81 93 101 113 122 132 136 140 146 
