[compute00.hpcnet:04189] pmix_mca_base_component_repository_open: unable to open mca_pnet_opa: libpsm2.so.2: cannot open shared object file: No such file or directory (ignored)
[compute00.hpcnet:04189] mca_base_component_repository_open: unable to open mca_oob_ud: libosmcomp.so.3: cannot open shared object file: No such file or directory (ignored)
[compute00.hpcnet:04202] pmix_mca_base_component_repository_open: unable to open mca_pnet_opa: libpsm2.so.2: cannot open shared object file: No such file or directory (ignored)
[compute00.hpcnet:04200] pmix_mca_base_component_repository_open: unable to open mca_pnet_opa: libpsm2.so.2: cannot open shared object file: No such file or directory (ignored)
[compute00.hpcnet:04203] pmix_mca_base_component_repository_open: unable to open mca_pnet_opa: libpsm2.so.2: cannot open shared object file: No such file or directory (ignored)
[compute00.hpcnet:04201] pmix_mca_base_component_repository_open: unable to open mca_pnet_opa: libpsm2.so.2: cannot open shared object file: No such file or directory (ignored)
[compute01.hpcnet:04043] pmix_mca_base_component_repository_open: unable to open mca_pnet_opa: libpsm2.so.2: cannot open shared object file: No such file or directory (ignored)
[compute01.hpcnet:04046] pmix_mca_base_component_repository_open: unable to open mca_pnet_opa: libpsm2.so.2: cannot open shared object file: No such file or directory (ignored)
[compute01.hpcnet:04044] pmix_mca_base_component_repository_open: unable to open mca_pnet_opa: libpsm2.so.2: cannot open shared object file: No such file or directory (ignored)
[compute01.hpcnet:04045] pmix_mca_base_component_repository_open: unable to open mca_pnet_opa: libpsm2.so.2: cannot open shared object file: No such file or directory (ignored)
[compute00.hpcnet:04200] mca_base_component_repository_open: unable to open mca_oob_ud: libosmcomp.so.3: cannot open shared object file: No such file or directory (ignored)
[compute00.hpcnet:04202] mca_base_component_repository_open: unable to open mca_oob_ud: libosmcomp.so.3: cannot open shared object file: No such file or directory (ignored)
[compute00.hpcnet:04203] mca_base_component_repository_open: unable to open mca_oob_ud: libosmcomp.so.3: cannot open shared object file: No such file or directory (ignored)
[compute00.hpcnet:04201] mca_base_component_repository_open: unable to open mca_oob_ud: libosmcomp.so.3: cannot open shared object file: No such file or directory (ignored)
[compute00.hpcnet:04202] mca_base_component_repository_open: unable to open mca_btl_openib: librdmacm.so.1: cannot open shared object file: No such file or directory (ignored)
[compute00.hpcnet:04200] mca_base_component_repository_open: unable to open mca_btl_openib: librdmacm.so.1: cannot open shared object file: No such file or directory (ignored)
[compute00.hpcnet:04203] mca_base_component_repository_open: unable to open mca_btl_openib: librdmacm.so.1: cannot open shared object file: No such file or directory (ignored)
[compute01.hpcnet:04043] mca_base_component_repository_open: unable to open mca_oob_ud: libosmcomp.so.3: cannot open shared object file: No such file or directory (ignored)
[compute00.hpcnet:04201] mca_base_component_repository_open: unable to open mca_btl_openib: librdmacm.so.1: cannot open shared object file: No such file or directory (ignored)
[compute01.hpcnet:04046] mca_base_component_repository_open: unable to open mca_oob_ud: libosmcomp.so.3: cannot open shared object file: No such file or directory (ignored)
[compute01.hpcnet:04044] mca_base_component_repository_open: unable to open mca_oob_ud: libosmcomp.so.3: cannot open shared object file: No such file or directory (ignored)
[compute01.hpcnet:04045] mca_base_component_repository_open: unable to open mca_oob_ud: libosmcomp.so.3: cannot open shared object file: No such file or directory (ignored)
[compute01.hpcnet:04044] mca_base_component_repository_open: unable to open mca_btl_openib: librdmacm.so.1: cannot open shared object file: No such file or directory (ignored)
[compute01.hpcnet:04043] mca_base_component_repository_open: unable to open mca_btl_openib: librdmacm.so.1: cannot open shared object file: No such file or directory (ignored)
[compute01.hpcnet:04046] mca_base_component_repository_open: unable to open mca_btl_openib: librdmacm.so.1: cannot open shared object file: No such file or directory (ignored)
[compute01.hpcnet:04045] mca_base_component_repository_open: unable to open mca_btl_openib: librdmacm.so.1: cannot open shared object file: No such file or directory (ignored)
[compute00.hpcnet:04202] mca_base_component_repository_open: unable to open mca_mtl_psm: libpsm_infinipath.so.1: cannot open shared object file: No such file or directory (ignored)
[compute00.hpcnet:04203] mca_base_component_repository_open: unable to open mca_mtl_psm: libpsm_infinipath.so.1: cannot open shared object file: No such file or directory (ignored)
[compute00.hpcnet:04200] mca_base_component_repository_open: unable to open mca_mtl_psm: libpsm_infinipath.so.1: cannot open shared object file: No such file or directory (ignored)
[compute00.hpcnet:04201] mca_base_component_repository_open: unable to open mca_mtl_psm: libpsm_infinipath.so.1: cannot open shared object file: No such file or directory (ignored)
[compute00.hpcnet:04202] mca_base_component_repository_open: unable to open mca_mtl_psm2: libpsm2.so.2: cannot open shared object file: No such file or directory (ignored)
[compute00.hpcnet:04200] mca_base_component_repository_open: unable to open mca_mtl_psm2: libpsm2.so.2: cannot open shared object file: No such file or directory (ignored)
[compute00.hpcnet:04201] mca_base_component_repository_open: unable to open mca_mtl_psm2: libpsm2.so.2: cannot open shared object file: No such file or directory (ignored)
[compute00.hpcnet:04203] mca_base_component_repository_open: unable to open mca_mtl_psm2: libpsm2.so.2: cannot open shared object file: No such file or directory (ignored)
[compute01.hpcnet:04046] mca_base_component_repository_open: unable to open mca_mtl_psm: libpsm_infinipath.so.1: cannot open shared object file: No such file or directory (ignored)
[compute01.hpcnet:04044] mca_base_component_repository_open: unable to open mca_mtl_psm: libpsm_infinipath.so.1: cannot open shared object file: No such file or directory (ignored)
[compute01.hpcnet:04043] mca_base_component_repository_open: unable to open mca_mtl_psm: libpsm_infinipath.so.1: cannot open shared object file: No such file or directory (ignored)
[compute01.hpcnet:04045] mca_base_component_repository_open: unable to open mca_mtl_psm: libpsm_infinipath.so.1: cannot open shared object file: No such file or directory (ignored)
[compute01.hpcnet:04046] mca_base_component_repository_open: unable to open mca_mtl_psm2: libpsm2.so.2: cannot open shared object file: No such file or directory (ignored)
[compute01.hpcnet:04044] mca_base_component_repository_open: unable to open mca_mtl_psm2: libpsm2.so.2: cannot open shared object file: No such file or directory (ignored)
[compute01.hpcnet:04043] mca_base_component_repository_open: unable to open mca_mtl_psm2: libpsm2.so.2: cannot open shared object file: No such file or directory (ignored)
[compute01.hpcnet:04045] mca_base_component_repository_open: unable to open mca_mtl_psm2: libpsm2.so.2: cannot open shared object file: No such file or directory (ignored)
[Implementation-Recursive] Clique's Size: 13 Maximal Clique: 2 5 6 9 10 22 23 26 31 41 42 52 55 
